21:58:48 09/05/2019 [repository] index updated from file:///home/scheck/repo/api/v1/index
21:58:49 09/05/2019 [test/default-action] [default@scenarios list]
21:58:49 09/05/2019 [test/default-action] changes
21:58:49 09/05/2019 [test/default-action] commit
21:58:49 09/05/2019 [test/default-action] git-publish
21:58:49 09/05/2019 [test/default-action] git-summary
21:58:49 09/05/2019 [test/default-action] install
21:58:49 09/05/2019 [test/default-action] pull
21:58:49 09/05/2019 [test/default-action] push
21:58:49 09/05/2019 [test/default-action] release
21:58:49 09/05/2019 [test/default-action] set-git
21:58:49 09/05/2019 [test/default-action] set-pause
21:58:49 09/05/2019 [test/default-action] status
21:58:49 09/05/2019 [test/default-action] test
21:58:49 09/05/2019 [test/default-action] update-branch-list
21:58:49 09/05/2019 [test/default-action] world
[task check] stdout match <scenarios list> True
[task check] stdout match <changes> True
[task check] stdout match <commit> True
[task check] stdout match <git-publish> True
[task check] stdout match <git-summary> True
[task check] stdout match <install> True
[task check] stdout match <pull> True
[task check] stdout match <push> True
[task check] stdout match <release> True
[task check] stdout match <set-git> True
[task check] stdout match <set-pause> True
[task check] stdout match <status> True
[task check] stdout match <test> True
[task check] stdout match <update-branch-list> True
[task check] stdout match <world> True
